CS252: lab1. cs252 Mon Aug 24 12:16:41 EDT 2015  Total:  5 of 90

CS252: lab1. cs252 Mon Aug 24 12:17:26 EDT 2015  Total:  5 of 90

CS252: lab1. cs252 Mon Aug 24 12:26:30 EDT 2015  Total:  5 of 90

CS252: lab1. cs252 Mon Aug 24 12:27:19 EDT 2015  Total:  5 of 90

CS252: lab1. cs252 Mon Aug 24 12:27:46 EDT 2015  Total:  5 of 90

CS252: lab1. cs252 Mon Aug 24 12:32:46 EDT 2015  Total:  5 of 90

CS252: lab1. cs252 Mon Aug 24 12:35:45 EDT 2015  Total:  5 of 100

CS252: lab1. cs252 Mon Aug 24 12:36:03 EDT 2015  Total:  5 of 100

CS252: lab1. agaurav Tue Aug 25 09:26:05 EDT 2015  Total:  5 of 100

CS252: lab1. agaurav Tue Aug 25 16:01:01 EDT 2015  Total:  5 of 100

CS252: lab1. agaurav Thu Aug 27 09:50:48 EDT 2015  Total:  5 of 100

CS252: lab1. agaurav Sat Aug 29 11:01:02 EDT 2015  Total:  5 of 100

CS252: lab1. agaurav Sat Aug 29 12:24:05 EDT 2015  Total:  20 of 40

CS252: lab1. agaurav Sat Aug 29 12:26:02 EDT 2015  Total:  20 of 40

CS252: lab1. agaurav Sat Aug 29 12:41:42 EDT 2015  Total:  20 of 40

CS252: lab1. agaurav Sat Aug 29 13:11:51 EDT 2015  Total:  20 of 40

CS252: lab1. agaurav Sat Aug 29 20:52:57 EDT 2015  Total:  20 of 40

CS252: lab1. agaurav Sat Aug 29 22:19:45 EDT 2015  Total:  20 of 40

CS252: lab1. agaurav Sat Aug 29 22:29:26 EDT 2015  Total:  20 of 40

CS252: lab1. agaurav Sat Aug 29 22:39:27 EDT 2015  Total:  30 of 40

CS252: lab1. agaurav Sat Aug 29 22:45:17 EDT 2015  Total:  30 of 40

CS252: lab1. agaurav Sat Aug 29 22:49:22 EDT 2015  Total:  50 of 90

CS252: lab1. agaurav Sat Aug 29 22:50:26 EDT 2015  Total:  30 of 40

CS252: lab1. agaurav Sat Aug 29 22:51:24 EDT 2015  Total:  30 of 40

CS252: lab1. agaurav Sat Aug 29 22:53:23 EDT 2015  Total:  40 of 40

CS252: lab1. agaurav Sat Aug 29 22:53:44 EDT 2015  Total:  70 of 90

CS252: lab1. agaurav Sat Aug 29 23:00:05 EDT 2015  Total:  70 of 90

CS252: lab1. agaurav Sat Aug 29 23:01:38 EDT 2015  Total:  70 of 90

CS252: lab1. agaurav Sat Aug 29 23:14:40 EDT 2015  Total:  70 of 90

CS252: lab1. agaurav Sat Aug 29 23:42:33 EDT 2015  Total:  80 of 90

CS252: lab1. agaurav Sat Aug 29 23:44:16 EDT 2015  Total:  80 of 90

CS252: lab1. agaurav Sat Aug 29 23:44:53 EDT 2015  Total:  80 of 100

CS252: lab1. agaurav Sun Aug 30 01:06:00 EDT 2015  Total:  80 of 100

CS252: lab1. agaurav Sun Aug 30 01:17:42 EDT 2015  Total:  80 of 100

CS252: lab1. agaurav Sun Aug 30 01:19:11 EDT 2015  Total:  0 of 10

CS252: lab1. agaurav Sun Aug 30 01:51:49 EDT 2015  Total:  0 of 10

CS252: lab1. agaurav Sun Aug 30 02:01:08 EDT 2015  Total:  80 of 100

CS252: lab1. agaurav Sun Aug 30 02:03:04 EDT 2015  Total:  80 of 100

CS252: lab1. agaurav Sun Aug 30 02:15:46 EDT 2015  Total:  80 of 100

CS252: lab1. agaurav Sun Aug 30 11:00:25 EDT 2015  Total:  80 of 100

CS252: lab1. agaurav Sun Aug 30 11:01:12 EDT 2015  Total:  80 of 100

CS252: lab1. agaurav Sun Aug 30 11:21:04 EDT 2015  Total:  80 of 100

CS252: lab1. agaurav Sun Aug 30 11:30:28 EDT 2015  Total:  80 of 100

CS252: lab1. agaurav Sun Aug 30 11:36:55 EDT 2015  Total:  80 of 100

CS252: lab1. agaurav Sun Aug 30 12:02:26 EDT 2015  Total:  80 of 100

CS252: lab1. agaurav Sun Aug 30 12:30:02 EDT 2015  Total:  5 of 100

CS252: lab1. agaurav Sun Aug 30 12:30:36 EDT 2015  Total:  80 of 100

CS252: lab1. agaurav Sun Aug 30 12:33:05 EDT 2015  Total:  80 of 100

CS252: lab1. agaurav Sun Aug 30 12:44:53 EDT 2015  Total:  90 of 100

CS252: lab1. agaurav Sun Aug 30 12:48:07 EDT 2015  Total:  90 of 100

CS252: lab1. agaurav Sun Aug 30 12:58:59 EDT 2015  Total:  90 of 100

CS252: lab1. agaurav Sun Aug 30 14:43:43 EDT 2015  Total:  90 of 100

CS252: lab1. agaurav Sun Aug 30 14:46:36 EDT 2015  Total:  90 of 100

CS252: lab1. agaurav Sun Aug 30 14:49:14 EDT 2015  Total:  90 of 100

CS252: lab1. agaurav Sun Aug 30 14:52:06 EDT 2015  Total:  90 of 100

CS252: lab1. agaurav Sun Aug 30 15:15:13 EDT 2015  Total:  90 of 100

CS252: lab1. agaurav Sun Aug 30 15:28:34 EDT 2015  Total:  100 of 100

CS252: lab1. agaurav Sun Aug 30 15:28:46 EDT 2015  Total:  100 of 100

CS252: lab1. agaurav Sun Aug 30 15:29:02 EDT 2015  Total:  100 of 100

CS252: lab1. agaurav Sun Aug 30 15:30:39 EDT 2015  Total:  100 of 100

CS252: lab1. agaurav Sun Aug 30 15:31:14 EDT 2015  Total:  100 of 100

CS252: lab1. agaurav Sun Aug 30 15:34:31 EDT 2015  Total:  100 of 100

CS252: lab1. agaurav Mon Aug 31 18:37:45 EDT 2015  Total:  100 of 100

CS252: lab1. agaurav Mon Aug 31 18:38:34 EDT 2015  Total:  100 of 100

CS252: lab1. agaurav Mon Aug 31 18:39:39 EDT 2015  Total:  100 of 100

CS252: lab1. agaurav Tue Sep 1 13:06:25 EDT 2015  Total:  100 of 100

CS252: lab1. agaurav Wed Sep 2 13:34:49 EDT 2015  Total:  100 of 100

CS252: lab1. agaurav Wed Sep 2 20:12:21 EDT 2015  Total:  100 of 100

CS252: lab1. agaurav Sat Sep 5 23:41:08 EDT 2015  Total:  100 of 100

CS252: lab1. agaurav Sun Sep 6 01:00:10 EDT 2015  Total:  100 of 100

CS252: lab1. agaurav Sun Sep 6 16:58:36 EDT 2015  Total:  100 of 100

CS252: lab1. agaurav Sun Sep 6 23:04:15 EDT 2015  Total:  100 of 100

CS252: lab1. agaurav Tue Sep 8 19:53:13 EDT 2015  Total:  100 of 100

CS252: lab1. agaurav Wed Sep 9 14:23:51 EDT 2015  Total:  100 of 100

CS252: lab1. agaurav Sun Oct 4 18:09:22 EDT 2015  Total:  100 of 100

CS252: lab1. agaurav Sun Oct 25 22:56:14 EDT 2015  Total:  100 of 100

