[master (root-commit) 17ada99] 5 of 90
 14 files changed, 716 insertions(+)
 create mode 100644 MyMalloc.c
 create mode 100644 MyMalloc.h
 create mode 100644 test0.c
 create mode 100644 test1-1.c
 create mode 100644 test1-2.c
 create mode 100644 test1-3.c
 create mode 100644 test1-4.c
 create mode 100644 test1.c
 create mode 100644 test2.c
 create mode 100644 test3.c
 create mode 100644 test4.c
 create mode 100644 test5.c
 create mode 100644 test6.c
 create mode 100644 test7.c
On branch master
Untracked files:
	.local.git.out
	.local.total.out
	Makefile
	MyMalloc.o
	MyMalloc.so
	diff.out
	none
	test0
	test0.org
	test0.org.out
	test0.out
	test1
	test1-1
	test1-1.org
	test1-1.org.out
	test1-1.out
	test1-2
	test1-2.org
	test1-2.org.out
	test1-2.out
	test1-3
	test1-3.org
	test1-3.org.out
	test1-3.out
	test1-4
	test1-4.org
	test1-4.org.out
	test1-4.out
	test1.org
	test2
	test2.org
	test2.org.out
	test2.out
	test3
	test3.org
	test3.org.out
	test3.out
	test4
	test4.org
	test4.org.out
	test4.out
	test5
	test5.org
	test5.org.out
	test5.out
	test6
	test6.org
	test7
	test7.org
	test7.org.out
	test7.out
	testall
	total.out
	total.txt

nothing added to commit but untracked files present
On branch master
Untracked files:
	.local.git.out
	.local.total.out
	Makefile
	MyMalloc.o
	MyMalloc.so
	diff.out
	none
	test0
	test0.org
	test0.org.out
	test0.out
	test1
	test1-1
	test1-1.org
	test1-1.org.out
	test1-1.out
	test1-2
	test1-2.org
	test1-2.org.out
	test1-2.out
	test1-3
	test1-3.org
	test1-3.org.out
	test1-3.out
	test1-4
	test1-4.org
	test1-4.org.out
	test1-4.out
	test1.org
	test2
	test2.org
	test2.org.out
	test2.out
	test3
	test3.org
	test3.org.out
	test3.out
	test4
	test4.org
	test4.org.out
	test4.out
	test5
	test5.org
	test5.org.out
	test5.out
	test6
	test6.org
	test7
	test7.org
	test7.org.out
	test7.out
	testall
	total.out
	total.txt

nothing added to commit but untracked files present
On branch master
Untracked files:
	.local.git.out
	.local.total.out
	Makefile
	MyMalloc.o
	MyMalloc.so
	diff.out
	none
	test0
	test0.org
	test0.org.out
	test0.out
	test1
	test1-1
	test1-1.org
	test1-1.org.out
	test1-1.out
	test1-2
	test1-2.org
	test1-2.org.out
	test1-2.out
	test1-3
	test1-3.org
	test1-3.org.out
	test1-3.out
	test1-4
	test1-4.org
	test1-4.org.out
	test1-4.out
	test1.org
	test2
	test2.org
	test2.org.out
	test2.out
	test3
	test3.org
	test3.org.out
	test3.out
	test4
	test4.org
	test4.org.out
	test4.out
	test5
	test5.org
	test5.org.out
	test5.out
	test6
	test6.org
	test7
	test7.org
	test7.org.out
	test7.out
	testall
	total.out
	total.txt

nothing added to commit but untracked files present
On branch master
Untracked files:
	.local.git.out
	.local.total.out
	Makefile
	MyMalloc.o
	MyMalloc.so
	diff.out
	none
	test0
	test0.org
	test0.org.out
	test0.out
	test1
	test1-1
	test1-1.org
	test1-1.org.out
	test1-1.out
	test1-2
	test1-2.org
	test1-2.org.out
	test1-2.out
	test1-3
	test1-3.org
	test1-3.org.out
	test1-3.out
	test1-4
	test1-4.org
	test1-4.org.out
	test1-4.out
	test1.org
	test2
	test2.org
	test2.org.out
	test2.out
	test3
	test3.org
	test3.org.out
	test3.out
	test4
	test4.org
	test4.org.out
	test4.out
	test5
	test5.org
	test5.org.out
	test5.out
	test6
	test6.org
	test7
	test7.org
	test7.org.out
	test7.out
	testall
	total.out
	total.txt

nothing added to commit but untracked files present
[master 6f32700] 5 of 90
 1 file changed, 14 insertions(+), 2 deletions(-)
[master 9c55c33] 5 of 100
 1 file changed, 2 insertions(+)
On branch master
Untracked files:
	.local.git.out
	.local.total.out
	Makefile
	MyMalloc.o
	MyMalloc.so
	diff.out
	none
	test0
	test0.org
	test0.org.out
	test0.out
	test1
	test1-1
	test1-1.org
	test1-1.org.out
	test1-1.out
	test1-2
	test1-2.org
	test1-2.org.out
	test1-2.out
	test1-3
	test1-3.org
	test1-3.org.out
	test1-3.out
	test1-4
	test1-4.org
	test1-4.org.out
	test1-4.out
	test1.org
	test2
	test2.org
	test2.org.out
	test2.out
	test3
	test3.org
	test3.org.out
	test3.out
	test4
	test4.org
	test4.org.out
	test4.out
	test5
	test5.org
	test5.org.out
	test5.out
	test6
	test6.org
	test6.org.out
	test6.out
	test7
	test7.org
	test7.org.out
	test7.out
	testall
	total.out
	total.txt

nothing added to commit but untracked files present
On branch master
Untracked files:
	.local.git.out
	.local.total.out
	Makefile
	MyMalloc.o
	MyMalloc.so
	diff.out
	none
	test0
	test0.org
	test0.org.out
	test0.out
	test1
	test1-1
	test1-1.org
	test1-1.org.out
	test1-1.out
	test1-2
	test1-2.org
	test1-2.org.out
	test1-2.out
	test1-3
	test1-3.org
	test1-3.org.out
	test1-3.out
	test1-4
	test1-4.org
	test1-4.org.out
	test1-4.out
	test1.org
	test2
	test2.org
	test2.org.out
	test2.out
	test3
	test3.org
	test3.org.out
	test3.out
	test4
	test4.org
	test4.org.out
	test4.out
	test5
	test5.org
	test5.org.out
	test5.out
	test6
	test6.org
	test6.org.out
	test6.out
	test7
	test7.org
	test7.org.out
	test7.out
	testall
	total.out
	total.txt

nothing added to commit but untracked files present
On branch master
Untracked files:
	.local.git.out
	.local.total.out
	Makefile
	MyMalloc.o
	MyMalloc.so
	diff.out
	none
	test0
	test0.org
	test0.org.out
	test0.out
	test1
	test1-1
	test1-1.org
	test1-1.org.out
	test1-1.out
	test1-2
	test1-2.org
	test1-2.org.out
	test1-2.out
	test1-3
	test1-3.org
	test1-3.org.out
	test1-3.out
	test1-4
	test1-4.org
	test1-4.org.out
	test1-4.out
	test1.org
	test2
	test2.org
	test2.org.out
	test2.out
	test3
	test3.org
	test3.org.out
	test3.out
	test4
	test4.org
	test4.org.out
	test4.out
	test5
	test5.org
	test5.org.out
	test5.out
	test6
	test6.org
	test6.org.out
	test6.out
	test7
	test7.org
	test7.org.out
	test7.out
	testall
	total.out
	total.txt

nothing added to commit but untracked files present
On branch master
Untracked files:
	.local.git.out
	.local.total.out
	Makefile
	MyMalloc.o
	MyMalloc.so
	diff.out
	none
	test0
	test0.org
	test0.org.out
	test0.out
	test1
	test1-1
	test1-1.org
	test1-1.org.out
	test1-1.out
	test1-2
	test1-2.org
	test1-2.org.out
	test1-2.out
	test1-3
	test1-3.org
	test1-3.org.out
	test1-3.out
	test1-4
	test1-4.org
	test1-4.org.out
	test1-4.out
	test1.org
	test2
	test2.org
	test2.org.out
	test2.out
	test3
	test3.org
	test3.org.out
	test3.out
	test4
	test4.org
	test4.org.out
	test4.out
	test5
	test5.org
	test5.org.out
	test5.out
	test6
	test6.org
	test6.org.out
	test6.out
	test7
	test7.org
	test7.org.out
	test7.out
	testall
	total.out
	total.txt

nothing added to commit but untracked files present
[master 5faad45] 5 of 100
 1 file changed, 348 insertions(+), 333 deletions(-)
 rewrite MyMalloc.c (84%)
[master b7a7f8c] 20 of 40
 1 file changed, 19 insertions(+), 5 deletions(-)
[master aa69d75] 20 of 40
 1 file changed, 3 deletions(-)
[master d6264d7] 20 of 40
 1 file changed, 7 insertions(+), 2 deletions(-)
[master 99c9df9] 20 of 40
 1 file changed, 10 insertions(+)
On branch master
Untracked files:
	.local.git.out
	.local.total.out
	Makefile
	MyMalloc.o
	MyMalloc.so
	diff.out
	none
	test0
	test0.org
	test0.org.out
	test0.out
	test1
	test1-1
	test1-1.org
	test1-1.org.out
	test1-1.out
	test1-2
	test1-2.org
	test1-2.org.out
	test1-2.out
	test1-3
	test1-3.org
	test1-3.org.out
	test1-3.out
	test1-4
	test1-4.org
	test1-4.org.out
	test1-4.out
	test1.org
	test2
	test2.org
	test3
	test3.org
	test4
	test4.org
	test5
	test5.org
	test6
	test6.org
	test7
	test7.org
	testall
	total.out
	total.txt

nothing added to commit but untracked files present
[master eff97e5] 20 of 40
 1 file changed, 14 insertions(+), 2 deletions(-)
[master 0301900] 20 of 40
 1 file changed, 7 insertions(+), 1 deletion(-)
[master 67381a6] 30 of 40
 1 file changed, 12 insertions(+)
On branch master
Untracked files:
	.local.git.out
	.local.total.out
	Makefile
	MyMalloc.o
	MyMalloc.so
	diff.out
	none
	test0
	test0.org
	test0.org.out
	test0.out
	test1
	test1-1
	test1-1.org
	test1-1.org.out
	test1-1.out
	test1-2
	test1-2.org
	test1-2.org.out
	test1-2.out
	test1-3
	test1-3.org
	test1-3.org.out
	test1-3.out
	test1-4
	test1-4.org
	test1-4.org.out
	test1-4.out
	test1.org
	test2
	test2.org
	test3
	test3.org
	test4
	test4.org
	test5
	test5.org
	test6
	test6.org
	test7
	test7.org
	testall
	total.out
	total.txt

nothing added to commit but untracked files present
On branch master
Untracked files:
	.local.git.out
	.local.total.out
	Makefile
	MyMalloc.o
	MyMalloc.so
	diff.out
	none
	test0
	test0.org
	test0.org.out
	test0.out
	test1
	test1-1
	test1-1.org
	test1-1.org.out
	test1-1.out
	test1-2
	test1-2.org
	test1-2.org.out
	test1-2.out
	test1-3
	test1-3.org
	test1-3.org.out
	test1-3.out
	test1-4
	test1-4.org
	test1-4.org.out
	test1-4.out
	test1.org
	test2
	test2.org
	test2.org.out
	test2.out
	test3
	test3.org
	test3.org.out
	test3.out
	test4
	test4.org
	test4.org.out
	test4.out
	test5
	test5.org
	test5.org.out
	test5.out
	test6
	test6.org
	test6.org.out
	test6.out
	test7
	test7.org
	testall
	total.out
	total.txt

nothing added to commit but untracked files present
On branch master
Untracked files:
	.local.git.out
	.local.total.out
	Makefile
	MyMalloc.o
	MyMalloc.so
	diff.out
	none
	test0
	test0.org
	test0.org.out
	test0.out
	test1
	test1-1
	test1-1.org
	test1-1.org.out
	test1-1.out
	test1-2
	test1-2.org
	test1-2.org.out
	test1-2.out
	test1-3
	test1-3.org
	test1-3.org.out
	test1-3.out
	test1-4
	test1-4.org
	test1-4.org.out
	test1-4.out
	test1.org
	test2
	test2.org
	test3
	test3.org
	test4
	test4.org
	test5
	test5.org
	test6
	test6.org
	test7
	test7.org
	testall
	total.out
	total.txt

nothing added to commit but untracked files present
[master 61357c1] 30 of 40
 1 file changed, 1 insertion(+), 1 deletion(-)
[master a71f1a0] 40 of 40
 1 file changed, 1 insertion(+), 1 deletion(-)
On branch master
Untracked files:
	.local.git.out
	.local.total.out
	Makefile
	MyMalloc.o
	MyMalloc.so
	diff.out
	none
	test0
	test0.org
	test0.org.out
	test0.out
	test1
	test1-1
	test1-1.org
	test1-1.org.out
	test1-1.out
	test1-2
	test1-2.org
	test1-2.org.out
	test1-2.out
	test1-3
	test1-3.org
	test1-3.org.out
	test1-3.out
	test1-4
	test1-4.org
	test1-4.org.out
	test1-4.out
	test1.org
	test2
	test2.org
	test2.org.out
	test2.out
	test3
	test3.org
	test3.org.out
	test3.out
	test4
	test4.org
	test4.org.out
	test4.out
	test5
	test5.org
	test5.org.out
	test5.out
	test6
	test6.org
	test6.org.out
	test6.out
	test7
	test7.org
	testall
	total.out
	total.txt

nothing added to commit but untracked files present
On branch master
Untracked files:
	.local.git.out
	.local.total.out
	Makefile
	MyMalloc.o
	MyMalloc.so
	diff.out
	none
	test0
	test0.org
	test0.org.out
	test0.out
	test1
	test1-1
	test1-1.org
	test1-1.org.out
	test1-1.out
	test1-2
	test1-2.org
	test1-2.org.out
	test1-2.out
	test1-3
	test1-3.org
	test1-3.org.out
	test1-3.out
	test1-4
	test1-4.org
	test1-4.org.out
	test1-4.out
	test1.org
	test2
	test2.org
	test2.org.out
	test2.out
	test3
	test3.org
	test3.org.out
	test3.out
	test4
	test4.org
	test4.org.out
	test4.out
	test5
	test5.org
	test5.org.out
	test5.out
	test6
	test6.org
	test6.org.out
	test6.out
	test7
	test7.org
	testall
	total.out
	total.txt

nothing added to commit but untracked files present
On branch master
Untracked files:
	.local.git.out
	.local.total.out
	Makefile
	MyMalloc.o
	MyMalloc.so
	diff.out
	none
	test0
	test0.org
	test0.org.out
	test0.out
	test1
	test1-1
	test1-1.org
	test1-1.org.out
	test1-1.out
	test1-2
	test1-2.org
	test1-2.org.out
	test1-2.out
	test1-3
	test1-3.org
	test1-3.org.out
	test1-3.out
	test1-4
	test1-4.org
	test1-4.org.out
	test1-4.out
	test1.org
	test2
	test2.org
	test2.org.out
	test2.out
	test3
	test3.org
	test3.org.out
	test3.out
	test4
	test4.org
	test4.org.out
	test4.out
	test5
	test5.org
	test5.org.out
	test5.out
	test6
	test6.org
	test6.org.out
	test6.out
	test7
	test7.org
	testall
	total.out
	total.txt

nothing added to commit but untracked files present
On branch master
Untracked files:
	.local.git.out
	.local.total.out
	Makefile
	MyMalloc.o
	MyMalloc.so
	diff.out
	none
	test0
	test0.org
	test0.org.out
	test0.out
	test1
	test1-1
	test1-1.org
	test1-1.org.out
	test1-1.out
	test1-2
	test1-2.org
	test1-2.org.out
	test1-2.out
	test1-3
	test1-3.org
	test1-3.org.out
	test1-3.out
	test1-4
	test1-4.org
	test1-4.org.out
	test1-4.out
	test1.org
	test2
	test2.org
	test2.org.out
	test2.out
	test3
	test3.org
	test3.org.out
	test3.out
	test4
	test4.org
	test4.org.out
	test4.out
	test5
	test5.org
	test5.org.out
	test5.out
	test6
	test6.org
	test6.org.out
	test6.out
	test7
	test7.org
	testall
	total.out
	total.txt

nothing added to commit but untracked files present
[master 4494455] 80 of 90
 1 file changed, 18 insertions(+)
[master b387329] 80 of 90
 1 file changed, 49 insertions(+), 49 deletions(-)
On branch master
Untracked files:
	.local.git.out
	.local.total.out
	Makefile
	MyMalloc.o
	MyMalloc.so
	diff.out
	none
	test0
	test0.org
	test0.org.out
	test0.out
	test1
	test1-1
	test1-1.org
	test1-1.org.out
	test1-1.out
	test1-2
	test1-2.org
	test1-2.org.out
	test1-2.out
	test1-3
	test1-3.org
	test1-3.org.out
	test1-3.out
	test1-4
	test1-4.org
	test1-4.org.out
	test1-4.out
	test1.org
	test2
	test2.org
	test2.org.out
	test2.out
	test3
	test3.org
	test3.org.out
	test3.out
	test4
	test4.org
	test4.org.out
	test4.out
	test5
	test5.org
	test5.org.out
	test5.out
	test6
	test6.org
	test6.org.out
	test6.out
	test7
	test7.org
	test7.org.out
	test7.out
	testall
	total.out
	total.txt

nothing added to commit but untracked files present
On branch master
Untracked files:
	.local.git.out
	.local.total.out
	Makefile
	MyMalloc.o
	MyMalloc.so
	diff.out
	none
	test0
	test0.org
	test0.org.out
	test0.out
	test1
	test1-1
	test1-1.org
	test1-1.org.out
	test1-1.out
	test1-2
	test1-2.org
	test1-2.org.out
	test1-2.out
	test1-3
	test1-3.org
	test1-3.org.out
	test1-3.out
	test1-4
	test1-4.org
	test1-4.org.out
	test1-4.out
	test1.org
	test2
	test2.org
	test2.org.out
	test2.out
	test3
	test3.org
	test3.org.out
	test3.out
	test4
	test4.org
	test4.org.out
	test4.out
	test5
	test5.org
	test5.org.out
	test5.out
	test6
	test6.org
	test6.org.out
	test6.out
	test7
	test7.org
	test7.org.out
	test7.out
	testall
	total.out
	total.txt

nothing added to commit but untracked files present
[master eb9a224] 80 of 100
 1 file changed, 8 insertions(+), 2 deletions(-)
On branch master
Untracked files:
	.local.git.out
	.local.total.out
	Makefile
	MyMalloc.o
	MyMalloc.so
	diff.out
	none
	test0
	test0.org
	test1
	test1-1
	test1-1.org
	test1-2
	test1-2.org
	test1-3
	test1-3.org
	test1-4
	test1-4.org
	test1.org
	test2
	test2.org
	test3
	test3.org
	test4
	test4.org
	test4.org.out
	test4.out
	test5
	test5.org
	test6
	test6.org
	test7
	test7.org
	testall
	total.out
	total.txt

nothing added to commit but untracked files present
[master 45dd517] 0 of 10
 1 file changed, 12 insertions(+), 2 deletions(-)
[master 5431e9d] 80 of 100
 1 file changed, 3 insertions(+), 4 deletions(-)
On branch master
Untracked files:
	.local.git.out
	.local.total.out
	Makefile
	MyMalloc.o
	MyMalloc.so
	diff.out
	none
	test0
	test0.org
	test0.org.out
	test0.out
	test1
	test1-1
	test1-1.org
	test1-1.org.out
	test1-1.out
	test1-2
	test1-2.org
	test1-2.org.out
	test1-2.out
	test1-3
	test1-3.org
	test1-3.org.out
	test1-3.out
	test1-4
	test1-4.org
	test1-4.org.out
	test1-4.out
	test1.org
	test2
	test2.org
	test2.org.out
	test2.out
	test3
	test3.org
	test3.org.out
	test3.out
	test4
	test4.org
	test4.org.out
	test4.out
	test5
	test5.org
	test5.org.out
	test5.out
	test6
	test6.org
	test6.org.out
	test6.out
	test7
	test7.org
	test7.org.out
	test7.out
	testall
	total.out
	total.txt

nothing added to commit but untracked files present
[master 673fcc9] 80 of 100
 1 file changed, 1 deletion(-)
On branch master
Untracked files:
	.local.git.out
	.local.total.out
	Makefile
	MyMalloc.o
	MyMalloc.so
	diff.out
	none
	test0
	test0.org
	test0.org.out
	test0.out
	test1
	test1-1
	test1-1.org
	test1-1.org.out
	test1-1.out
	test1-2
	test1-2.org
	test1-2.org.out
	test1-2.out
	test1-3
	test1-3.org
	test1-3.org.out
	test1-3.out
	test1-4
	test1-4.org
	test1-4.org.out
	test1-4.out
	test1.org
	test2
	test2.org
	test2.org.out
	test2.out
	test3
	test3.org
	test3.org.out
	test3.out
	test4
	test4.org
	test4.org.out
	test4.out
	test5
	test5.org
	test5.org.out
	test5.out
	test6
	test6.org
	test6.org.out
	test6.out
	test7
	test7.org
	test7.org.out
	test7.out
	testall
	total.out
	total.txt

nothing added to commit but untracked files present
On branch master
Untracked files:
	.local.git.out
	.local.total.out
	Makefile
	MyMalloc.o
	MyMalloc.so
	diff.out
	none
	test0
	test0.org
	test0.org.out
	test0.out
	test1
	test1-1
	test1-1.org
	test1-1.org.out
	test1-1.out
	test1-2
	test1-2.org
	test1-2.org.out
	test1-2.out
	test1-3
	test1-3.org
	test1-3.org.out
	test1-3.out
	test1-4
	test1-4.org
	test1-4.org.out
	test1-4.out
	test1.org
	test2
	test2.org
	test2.org.out
	test2.out
	test3
	test3.org
	test3.org.out
	test3.out
	test4
	test4.org
	test4.org.out
	test4.out
	test5
	test5.org
	test5.org.out
	test5.out
	test6
	test6.org
	test6.org.out
	test6.out
	test7
	test7.org
	test7.org.out
	test7.out
	testall
	total.out
	total.txt

nothing added to commit but untracked files present
On branch master
Untracked files:
	.local.git.out
	.local.total.out
	Makefile
	MyMalloc.o
	MyMalloc.so
	diff.out
	none
	test0
	test0.org
	test0.org.out
	test0.out
	test1
	test1-1
	test1-1.org
	test1-1.org.out
	test1-1.out
	test1-2
	test1-2.org
	test1-2.org.out
	test1-2.out
	test1-3
	test1-3.org
	test1-3.org.out
	test1-3.out
	test1-4
	test1-4.org
	test1-4.org.out
	test1-4.out
	test1.org
	test2
	test2.org
	test2.org.out
	test2.out
	test3
	test3.org
	test3.org.out
	test3.out
	test4
	test4.org
	test4.org.out
	test4.out
	test5
	test5.org
	test5.org.out
	test5.out
	test6
	test6.org
	test6.org.out
	test6.out
	test7
	test7.org
	test7.org.out
	test7.out
	testall
	total.out
	total.txt

nothing added to commit but untracked files present
On branch master
Untracked files:
	.local.git.out
	.local.total.out
	Makefile
	MyMalloc.o
	MyMalloc.so
	diff.out
	none
	test0
	test0.org
	test0.org.out
	test0.out
	test1
	test1-1
	test1-1.org
	test1-1.org.out
	test1-1.out
	test1-2
	test1-2.org
	test1-2.org.out
	test1-2.out
	test1-3
	test1-3.org
	test1-3.org.out
	test1-3.out
	test1-4
	test1-4.org
	test1-4.org.out
	test1-4.out
	test1.org
	test2
	test2.org
	test2.org.out
	test2.out
	test3
	test3.org
	test3.org.out
	test3.out
	test4
	test4.org
	test4.org.out
	test4.out
	test5
	test5.org
	test5.org.out
	test5.out
	test6
	test6.org
	test6.org.out
	test6.out
	test7
	test7.org
	test7.org.out
	test7.out
	testall
	total.out
	total.txt

nothing added to commit but untracked files present
On branch master
Untracked files:
	.local.git.out
	.local.total.out
	Makefile
	MyMalloc.o
	MyMalloc.so
	diff.out
	none
	test0
	test0.org
	test0.org.out
	test0.out
	test1
	test1-1
	test1-1.org
	test1-1.org.out
	test1-1.out
	test1-2
	test1-2.org
	test1-2.org.out
	test1-2.out
	test1-3
	test1-3.org
	test1-3.org.out
	test1-3.out
	test1-4
	test1-4.org
	test1-4.org.out
	test1-4.out
	test1.org
	test2
	test2.org
	test2.org.out
	test2.out
	test3
	test3.org
	test3.org.out
	test3.out
	test4
	test4.org
	test4.org.out
	test4.out
	test5
	test5.org
	test5.org.out
	test5.out
	test6
	test6.org
	test6.org.out
	test6.out
	test7
	test7.org
	test7.org.out
	test7.out
	testall
	total.out
	total.txt

nothing added to commit but untracked files present
[master c6f9ff2] 80 of 100
 1 file changed, 20 insertions(+), 1 deletion(-)
[master 75e2da4] 5 of 100
 1 file changed, 22 insertions(+), 20 deletions(-)
[master 38febf4] 80 of 100
 1 file changed, 2 insertions(+), 2 deletions(-)
[master 8c98e1c] 80 of 100
 1 file changed, 1 insertion(+)
[master 2584324] 90 of 100
 1 file changed, 1 insertion(+), 1 deletion(-)
[master b827398] 90 of 100
 1 file changed, 1 insertion(+), 1 deletion(-)
[master f877d60] 90 of 100
 1 file changed, 7 insertions(+), 7 deletions(-)
[master 3385320] 90 of 100
 1 file changed, 9 insertions(+), 1 deletion(-)
[master a74ec1f] 90 of 100
 1 file changed, 2 insertions(+), 2 deletions(-)
[master db0d99e] 90 of 100
 1 file changed, 2 insertions(+), 2 deletions(-)
[master 0d803a3] 90 of 100
 1 file changed, 3 insertions(+), 3 deletions(-)
[master c9db2e9] 90 of 100
 1 file changed, 6 insertions(+)
[master 10f2166] 100 of 100
 1 file changed, 8 insertions(+), 7 deletions(-)
On branch master
Untracked files:
	.local.git.out
	.local.total.out
	Makefile
	MyMalloc.o
	MyMalloc.so
	diff.out
	none
	test0
	test0.org
	test0.org.out
	test0.out
	test1
	test1-1
	test1-1.org
	test1-1.org.out
	test1-1.out
	test1-2
	test1-2.org
	test1-2.org.out
	test1-2.out
	test1-3
	test1-3.org
	test1-3.org.out
	test1-3.out
	test1-4
	test1-4.org
	test1-4.org.out
	test1-4.out
	test1.org
	test2
	test2.org
	test2.org.out
	test2.out
	test3
	test3.org
	test3.org.out
	test3.out
	test4
	test4.org
	test4.org.out
	test4.out
	test5
	test5.org
	test5.org.out
	test5.out
	test6
	test6.org
	test6.org.out
	test6.out
	test7
	test7.org
	test7.org.out
	test7.out
	testall
	total.out
	total.txt

nothing added to commit but untracked files present
On branch master
Untracked files:
	.local.git.out
	.local.total.out
	Makefile
	MyMalloc.o
	MyMalloc.so
	diff.out
	none
	test0
	test0.org
	test0.org.out
	test0.out
	test1
	test1-1
	test1-1.org
	test1-1.org.out
	test1-1.out
	test1-2
	test1-2.org
	test1-2.org.out
	test1-2.out
	test1-3
	test1-3.org
	test1-3.org.out
	test1-3.out
	test1-4
	test1-4.org
	test1-4.org.out
	test1-4.out
	test1.org
	test2
	test2.org
	test2.org.out
	test2.out
	test3
	test3.org
	test3.org.out
	test3.out
	test4
	test4.org
	test4.org.out
	test4.out
	test5
	test5.org
	test5.org.out
	test5.out
	test6
	test6.org
	test6.org.out
	test6.out
	test7
	test7.org
	test7.org.out
	test7.out
	testall
	total.out
	total.txt

nothing added to commit but untracked files present
On branch master
Untracked files:
	.local.git.out
	.local.total.out
	Makefile
	MyMalloc.o
	MyMalloc.so
	diff.out
	none
	test0
	test0.org
	test0.org.out
	test0.out
	test1
	test1-1
	test1-1.org
	test1-1.org.out
	test1-1.out
	test1-2
	test1-2.org
	test1-2.org.out
	test1-2.out
	test1-3
	test1-3.org
	test1-3.org.out
	test1-3.out
	test1-4
	test1-4.org
	test1-4.org.out
	test1-4.out
	test1.org
	test2
	test2.org
	test2.org.out
	test2.out
	test3
	test3.org
	test3.org.out
	test3.out
	test4
	test4.org
	test4.org.out
	test4.out
	test5
	test5.org
	test5.org.out
	test5.out
	test6
	test6.org
	test6.org.out
	test6.out
	test7
	test7.org
	test7.org.out
	test7.out
	testall
	total.out
	total.txt

nothing added to commit but untracked files present
On branch master
Untracked files:
	.local.git.out
	.local.total.out
	Makefile
	MyMalloc.o
	MyMalloc.so
	diff.out
	none
	test0
	test0.org
	test0.org.out
	test0.out
	test1
	test1-1
	test1-1.org
	test1-1.org.out
	test1-1.out
	test1-2
	test1-2.org
	test1-2.org.out
	test1-2.out
	test1-3
	test1-3.org
	test1-3.org.out
	test1-3.out
	test1-4
	test1-4.org
	test1-4.org.out
	test1-4.out
	test1.org
	test2
	test2.org
	test2.org.out
	test2.out
	test3
	test3.org
	test3.org.out
	test3.out
	test4
	test4.org
	test4.org.out
	test4.out
	test5
	test5.org
	test5.org.out
	test5.out
	test6
	test6.org
	test6.org.out
	test6.out
	test7
	test7.org
	test7.org.out
	test7.out
	testall
	total.out
	total.txt

nothing added to commit but untracked files present
On branch master
Untracked files:
	.local.git.out
	.local.total.out
	Makefile
	MyMalloc.o
	MyMalloc.so
	diff.out
	none
	test0
	test0.org
	test0.org.out
	test0.out
	test1
	test1-1
	test1-1.org
	test1-1.org.out
	test1-1.out
	test1-2
	test1-2.org
	test1-2.org.out
	test1-2.out
	test1-3
	test1-3.org
	test1-3.org.out
	test1-3.out
	test1-4
	test1-4.org
	test1-4.org.out
	test1-4.out
	test1.org
	test2
	test2.org
	test2.org.out
	test2.out
	test3
	test3.org
	test3.org.out
	test3.out
	test4
	test4.org
	test4.org.out
	test4.out
	test5
	test5.org
	test5.org.out
	test5.out
	test6
	test6.org
	test6.org.out
	test6.out
	test7
	test7.org
	test7.org.out
	test7.out
	testall
	total.out
	total.txt

nothing added to commit but untracked files present
On branch master
Untracked files:
	.local.git.out
	.local.total.out
	Makefile
	MyMalloc.o
	MyMalloc.so
	diff.out
	none
	test0
	test0.org
	test0.org.out
	test0.out
	test1
	test1-1
	test1-1.org
	test1-1.org.out
	test1-1.out
	test1-2
	test1-2.org
	test1-2.org.out
	test1-2.out
	test1-3
	test1-3.org
	test1-3.org.out
	test1-3.out
	test1-4
	test1-4.org
	test1-4.org.out
	test1-4.out
	test1.org
	test2
	test2.org
	test2.org.out
	test2.out
	test3
	test3.org
	test3.org.out
	test3.out
	test4
	test4.org
	test4.org.out
	test4.out
	test5
	test5.org
	test5.org.out
	test5.out
	test6
	test6.org
	test6.org.out
	test6.out
	test7
	test7.org
	test7.org.out
	test7.out
	testall
	total.out
	total.txt

nothing added to commit but untracked files present
On branch master
Untracked files:
	.local.git.out
	.local.total.out
	Makefile
	MyMalloc.o
	MyMalloc.so
	diff.out
	none
	test0
	test0.org
	test0.org.out
	test0.out
	test1
	test1-1
	test1-1.org
	test1-1.org.out
	test1-1.out
	test1-2
	test1-2.org
	test1-2.org.out
	test1-2.out
	test1-3
	test1-3.org
	test1-3.org.out
	test1-3.out
	test1-4
	test1-4.org
	test1-4.org.out
	test1-4.out
	test1.org
	test2
	test2.org
	test2.org.out
	test2.out
	test3
	test3.org
	test3.org.out
	test3.out
	test4
	test4.org
	test4.org.out
	test4.out
	test5
	test5.org
	test5.org.out
	test5.out
	test6
	test6.org
	test6.org.out
	test6.out
	test7
	test7.org
	test7.org.out
	test7.out
	testall
	total.out
	total.txt

nothing added to commit but untracked files present
On branch master
Untracked files:
	.local.git.out
	.local.total.out
	Makefile
	MyMalloc.o
	MyMalloc.so
	diff.out
	none
	test0
	test0.org
	test0.org.out
	test0.out
	test1
	test1-1
	test1-1.org
	test1-1.org.out
	test1-1.out
	test1-2
	test1-2.org
	test1-2.org.out
	test1-2.out
	test1-3
	test1-3.org
	test1-3.org.out
	test1-3.out
	test1-4
	test1-4.org
	test1-4.org.out
	test1-4.out
	test1.org
	test2
	test2.org
	test2.org.out
	test2.out
	test3
	test3.org
	test3.org.out
	test3.out
	test4
	test4.org
	test4.org.out
	test4.out
	test5
	test5.org
	test5.org.out
	test5.out
	test6
	test6.org
	test6.org.out
	test6.out
	test7
	test7.org
	test7.org.out
	test7.out
	testall
	total.out
	total.txt

nothing added to commit but untracked files present
On branch master
Untracked files:
	.local.git.out
	.local.total.out
	Makefile
	MyMalloc.o
	MyMalloc.so
	diff.out
	none
	test0
	test0.org
	test0.org.out
	test0.out
	test1
	test1-1
	test1-1.org
	test1-1.org.out
	test1-1.out
	test1-2
	test1-2.org
	test1-2.org.out
	test1-2.out
	test1-3
	test1-3.org
	test1-3.org.out
	test1-3.out
	test1-4
	test1-4.org
	test1-4.org.out
	test1-4.out
	test1.org
	test2
	test2.org
	test2.org.out
	test2.out
	test3
	test3.org
	test3.org.out
	test3.out
	test4
	test4.org
	test4.org.out
	test4.out
	test5
	test5.org
	test5.org.out
	test5.out
	test6
	test6.org
	test6.org.out
	test6.out
	test7
	test7.org
	test7.org.out
	test7.out
	testall
	total.out
	total.txt

nothing added to commit but untracked files present
On branch master
Untracked files:
	.local.git.out
	.local.total.out
	Makefile
	MyMalloc.o
	MyMalloc.so
	diff.out
	none
	test0
	test0.org
	test0.org.out
	test0.out
	test1
	test1-1
	test1-1.org
	test1-1.org.out
	test1-1.out
	test1-2
	test1-2.org
	test1-2.org.out
	test1-2.out
	test1-3
	test1-3.org
	test1-3.org.out
	test1-3.out
	test1-4
	test1-4.org
	test1-4.org.out
	test1-4.out
	test1.org
	test2
	test2.org
	test2.org.out
	test2.out
	test3
	test3.org
	test3.org.out
	test3.out
	test4
	test4.org
	test4.org.out
	test4.out
	test5
	test5.org
	test5.org.out
	test5.out
	test6
	test6.org
	test6.org.out
	test6.out
	test7
	test7.org
	test7.org.out
	test7.out
	testall
	total.out
	total.txt

nothing added to commit but untracked files present
On branch master
Untracked files:
	.local.git.out
	.local.total.out
	Makefile
	MyMalloc.o
	MyMalloc.so
	diff.out
	none
	test0
	test0.org
	test0.org.out
	test0.out
	test1
	test1-1
	test1-1.org
	test1-1.org.out
	test1-1.out
	test1-2
	test1-2.org
	test1-2.org.out
	test1-2.out
	test1-3
	test1-3.org
	test1-3.org.out
	test1-3.out
	test1-4
	test1-4.org
	test1-4.org.out
	test1-4.out
	test1.org
	test2
	test2.org
	test2.org.out
	test2.out
	test3
	test3.org
	test3.org.out
	test3.out
	test4
	test4.org
	test4.org.out
	test4.out
	test5
	test5.org
	test5.org.out
	test5.out
	test6
	test6.org
	test6.org.out
	test6.out
	test7
	test7.org
	test7.org.out
	test7.out
	testall
	total.out
	total.txt

nothing added to commit but untracked files present
On branch master
Untracked files:
	.local.git.out
	.local.total.out
	Makefile
	MyMalloc.o
	MyMalloc.so
	diff.out
	none
	test0
	test0.org
	test0.org.out
	test0.out
	test1
	test1-1
	test1-1.org
	test1-1.org.out
	test1-1.out
	test1-2
	test1-2.org
	test1-2.org.out
	test1-2.out
	test1-3
	test1-3.org
	test1-3.org.out
	test1-3.out
	test1-4
	test1-4.org
	test1-4.org.out
	test1-4.out
	test1.org
	test2
	test2.org
	test2.org.out
	test2.out
	test3
	test3.org
	test3.org.out
	test3.out
	test4
	test4.org
	test4.org.out
	test4.out
	test5
	test5.org
	test5.org.out
	test5.out
	test6
	test6.org
	test6.org.out
	test6.out
	test7
	test7.org
	test7.org.out
	test7.out
	testall
	total.out
	total.txt

nothing added to commit but untracked files present
On branch master
Untracked files:
	.local.git.out
	.local.total.out
	Makefile
	MyMalloc.o
	MyMalloc.so
	diff.out
	none
	test0
	test0.org
	test0.org.out
	test0.out
	test1
	test1-1
	test1-1.org
	test1-1.org.out
	test1-1.out
	test1-2
	test1-2.org
	test1-2.org.out
	test1-2.out
	test1-3
	test1-3.org
	test1-3.org.out
	test1-3.out
	test1-4
	test1-4.org
	test1-4.org.out
	test1-4.out
	test1.org
	test2
	test2.org
	test2.org.out
	test2.out
	test3
	test3.org
	test3.org.out
	test3.out
	test4
	test4.org
	test4.org.out
	test4.out
	test5
	test5.org
	test5.org.out
	test5.out
	test6
	test6.org
	test6.org.out
	test6.out
	test7
	test7.org
	test7.org.out
	test7.out
	testall
	total.out
	total.txt

nothing added to commit but untracked files present
On branch master
Untracked files:
	.local.git.out
	.local.total.out
	Makefile
	MyMalloc.o
	MyMalloc.so
	diff.out
	none
	test0
	test0.org
	test0.org.out
	test0.out
	test1
	test1-1
	test1-1.org
	test1-1.org.out
	test1-1.out
	test1-2
	test1-2.org
	test1-2.org.out
	test1-2.out
	test1-3
	test1-3.org
	test1-3.org.out
	test1-3.out
	test1-4
	test1-4.org
	test1-4.org.out
	test1-4.out
	test1.org
	test2
	test2.org
	test2.org.out
	test2.out
	test3
	test3.org
	test3.org.out
	test3.out
	test4
	test4.org
	test4.org.out
	test4.out
	test5
	test5.org
	test5.org.out
	test5.out
	test6
	test6.org
	test6.org.out
	test6.out
	test7
	test7.org
	test7.org.out
	test7.out
	testall
	total.out
	total.txt

nothing added to commit but untracked files present
On branch master
Untracked files:
	.local.git.out
	.local.total.out
	Makefile
	MyMalloc.o
	MyMalloc.so
	diff.out
	none
	test0
	test0.org
	test0.org.out
	test0.out
	test1
	test1-1
	test1-1.org
	test1-1.org.out
	test1-1.out
	test1-2
	test1-2.org
	test1-2.org.out
	test1-2.out
	test1-3
	test1-3.org
	test1-3.org.out
	test1-3.out
	test1-4
	test1-4.org
	test1-4.org.out
	test1-4.out
	test1.org
	test2
	test2.org
	test2.org.out
	test2.out
	test3
	test3.org
	test3.org.out
	test3.out
	test4
	test4.org
	test4.org.out
	test4.out
	test5
	test5.org
	test5.org.out
	test5.out
	test6
	test6.org
	test6.org.out
	test6.out
	test7
	test7.org
	test7.org.out
	test7.out
	testall
	total.out
	total.txt

nothing added to commit but untracked files present
On branch master
Untracked files:
	.local.git.out
	.local.total.out
	Makefile
	MyMalloc.o
	MyMalloc.so
	diff.out
	none
	test0
	test0.org
	test0.org.out
	test0.out
	test1
	test1-1
	test1-1.org
	test1-1.org.out
	test1-1.out
	test1-2
	test1-2.org
	test1-2.org.out
	test1-2.out
	test1-3
	test1-3.org
	test1-3.org.out
	test1-3.out
	test1-4
	test1-4.org
	test1-4.org.out
	test1-4.out
	test1.org
	test2
	test2.org
	test2.org.out
	test2.out
	test3
	test3.org
	test3.org.out
	test3.out
	test4
	test4.org
	test4.org.out
	test4.out
	test5
	test5.org
	test5.org.out
	test5.out
	test6
	test6.org
	test6.org.out
	test6.out
	test7
	test7.org
	test7.org.out
	test7.out
	testall
	total.out
	total.txt

nothing added to commit but untracked files present
On branch master
Untracked files:
	.local.git.out
	.local.total.out
	Makefile
	MyMalloc.o
	MyMalloc.so
	diff.out
	none
	test0
	test0.org
	test0.org.out
	test0.out
	test1
	test1-1
	test1-1.org
	test1-1.org.out
	test1-1.out
	test1-2
	test1-2.org
	test1-2.org.out
	test1-2.out
	test1-3
	test1-3.org
	test1-3.org.out
	test1-3.out
	test1-4
	test1-4.org
	test1-4.org.out
	test1-4.out
	test1.org
	test2
	test2.org
	test2.org.out
	test2.out
	test3
	test3.org
	test3.org.out
	test3.out
	test4
	test4.org
	test4.org.out
	test4.out
	test5
	test5.org
	test5.org.out
	test5.out
	test6
	test6.org
	test6.org.out
	test6.out
	test7
	test7.org
	test7.org.out
	test7.out
	testall
	total.out
	total.txt

nothing added to commit but untracked files present
[master 98b9b84] 100 of 100
 2 files changed, 3 insertions(+), 1 deletion(-)
